[..1851/PA3/src/util.cu:74 (argParse)] dset = "arxiv" (std::string)
[..1851/PA3/src/data.cu:5 (load_graph)] loading
[..51/PA3/test/main.cpp:17 (main)] kLen = 256 (int)
[==========] Running 3 tests from 1 test suite.
[----------] Global test environment set-up.
[----------] 3 tests from SpMMTest
[ RUN      ] SpMMTest.validation
/home/course/hpc/users/2020011851/PA3/test/test_spmm.cu:43: Failure
Expected: (valid(p_out_feat_vec, p_out_feat_vec_ref, kNumV * kLen)) < (kNumV * kLen / 10000 + 1), actual: 27445149 vs 4336

[  FAILED  ] SpMMTest.validation (411 ms)
[ RUN      ] SpMMTest.cusparse_performance
[..A3/test/test_spmm.cu:52 (TestBody)] time = 0.002992 (double)
[       OK ] SpMMTest.cusparse_performance (312 ms)
[ RUN      ] SpMMTest.opt_performance
[..A3/test/test_spmm.cu:61 (TestBody)] time = 0.000614616 (double)
[       OK ] SpMMTest.opt_performance (38 ms)
[----------] 3 tests from SpMMTest (762 ms total)

[----------] Global test environment tear-down
[==========] 3 tests from 1 test suite ran. (762 ms total)
[  PASSED  ] 2 tests.
[  FAILED  ] 1 test, listed below:
[  FAILED  ] SpMMTest.validation

 1 FAILED TEST
[..1851/PA3/src/util.cu:74 (argParse)] dset = "collab" (std::string)
[..1851/PA3/src/data.cu:5 (load_graph)] loading
[..51/PA3/test/main.cpp:17 (main)] kLen = 256 (int)
[==========] Running 3 tests from 1 test suite.
[----------] Global test environment set-up.
[----------] 3 tests from SpMMTest
[ RUN      ] SpMMTest.validation
/home/course/hpc/users/2020011851/PA3/test/test_spmm.cu:43: Failure
Expected: (valid(p_out_feat_vec, p_out_feat_vec_ref, kNumV * kLen)) < (kNumV * kLen / 10000 + 1), actual: 60357768 vs 6039

[  FAILED  ] SpMMTest.validation (216 ms)
[ RUN      ] SpMMTest.cusparse_performance
[..A3/test/test_spmm.cu:52 (TestBody)] time = 0.00519997 (double)
[       OK ] SpMMTest.cusparse_performance (383 ms)
[ RUN      ] SpMMTest.opt_performance
[..A3/test/test_spmm.cu:61 (TestBody)] time = 0.000573061 (double)
[       OK ] SpMMTest.opt_performance (43 ms)
[----------] 3 tests from SpMMTest (643 ms total)

[----------] Global test environment tear-down
[==========] 3 tests from 1 test suite ran. (643 ms total)
[  PASSED  ] 2 tests.
[  FAILED  ] 1 test, listed below:
[  FAILED  ] SpMMTest.validation

 1 FAILED TEST
[..1851/PA3/src/util.cu:74 (argParse)] dset = "citation" (std::string)
[..1851/PA3/src/data.cu:5 (load_graph)] loading
[..51/PA3/test/main.cpp:17 (main)] kLen = 256 (int)
[==========] Running 3 tests from 1 test suite.
[----------] Global test environment set-up.
[----------] 3 tests from SpMMTest
[ RUN      ] SpMMTest.validation
/home/course/hpc/users/2020011851/PA3/test/test_spmm.cu:43: Failure
Expected: (valid(p_out_feat_vec, p_out_feat_vec_ref, kNumV * kLen)) < (kNumV * kLen / 10000 + 1), actual: 716829636 vs 74956

[  FAILED  ] SpMMTest.validation (2886 ms)
[ RUN      ] SpMMTest.cusparse_performance
[..A3/test/test_spmm.cu:52 (TestBody)] time = 0.0788191 (double)
[       OK ] SpMMTest.cusparse_performance (2832 ms)
[ RUN      ] SpMMTest.opt_performance
[..A3/test/test_spmm.cu:61 (TestBody)] time = 0.00919515 (double)
[       OK ] SpMMTest.opt_performance (540 ms)
[----------] 3 tests from SpMMTest (6259 ms total)

[----------] Global test environment tear-down
[==========] 3 tests from 1 test suite ran. (6260 ms total)
[  PASSED  ] 2 tests.
[  FAILED  ] 1 test, listed below:
[  FAILED  ] SpMMTest.validation

 1 FAILED TEST
[..1851/PA3/src/util.cu:74 (argParse)] dset = "ddi" (std::string)
[..1851/PA3/src/data.cu:5 (load_graph)] loading
[..51/PA3/test/main.cpp:17 (main)] kLen = 256 (int)
[==========] Running 3 tests from 1 test suite.
[----------] Global test environment set-up.
[----------] 3 tests from SpMMTest
[ RUN      ] SpMMTest.validation
/home/course/hpc/users/2020011851/PA3/test/test_spmm.cu:43: Failure
Expected: (valid(p_out_feat_vec, p_out_feat_vec_ref, kNumV * kLen)) < (kNumV * kLen / 10000 + 1), actual: 1092114 vs 110

[  FAILED  ] SpMMTest.validation (102 ms)
[ RUN      ] SpMMTest.cusparse_performance
[..A3/test/test_spmm.cu:52 (TestBody)] time = 0.0015522 (double)
[       OK ] SpMMTest.cusparse_performance (260 ms)
[ RUN      ] SpMMTest.opt_performance
[..A3/test/test_spmm.cu:61 (TestBody)] time = 0.000145466 (double)
[       OK ] SpMMTest.opt_performance (5 ms)
[----------] 3 tests from SpMMTest (369 ms total)

[----------] Global test environment tear-down
[==========] 3 tests from 1 test suite ran. (369 ms total)
[  PASSED  ] 2 tests.
[  FAILED  ] 1 test, listed below:
[  FAILED  ] SpMMTest.validation

 1 FAILED TEST
[..1851/PA3/src/util.cu:74 (argParse)] dset = "protein" (std::string)
[..1851/PA3/src/data.cu:5 (load_graph)] loading
[..51/PA3/test/main.cpp:17 (main)] kLen = 256 (int)
[==========] Running 3 tests from 1 test suite.
[----------] Global test environment set-up.
[----------] 3 tests from SpMMTest
[ RUN      ] SpMMTest.validation
/home/course/hpc/users/2020011851/PA3/test/test_spmm.cu:43: Failure
Expected: (valid(p_out_feat_vec, p_out_feat_vec_ref, kNumV * kLen)) < (kNumV * kLen / 10000 + 1), actual: 33922892 vs 3393

[  FAILED  ] SpMMTest.validation (7309 ms)
[ RUN      ] SpMMTest.cusparse_performance
