[..1851/PA3/src/util.cu:74 (argParse)] dset = "arxiv" (std::string)
[..1851/PA3/src/data.cu:5 (load_graph)] loading
[..51/PA3/test/main.cpp:17 (main)] kLen = 256 (int)
[==========] Running 3 tests from 1 test suite.
[----------] Global test environment set-up.
[----------] 3 tests from SpMMTest
[ RUN      ] SpMMTest.validation
/home/course/hpc/users/2020011851/PA3/test/test_spmm.cu:43: Failure
Expected: (valid(p_out_feat_vec, p_out_feat_vec_ref, kNumV * kLen)) < (kNumV * kLen / 10000 + 1), actual: 27471219 vs 4336

[  FAILED  ] SpMMTest.validation (411 ms)
[ RUN      ] SpMMTest.cusparse_performance
[..A3/test/test_spmm.cu:52 (TestBody)] time = 0.00299108 (double)
[       OK ] SpMMTest.cusparse_performance (311 ms)
[ RUN      ] SpMMTest.opt_performance
[..A3/test/test_spmm.cu:61 (TestBody)] time = 0.00569048 (double)
[       OK ] SpMMTest.opt_performance (190 ms)
[----------] 3 tests from SpMMTest (913 ms total)

[----------] Global test environment tear-down
[==========] 3 tests from 1 test suite ran. (913 ms total)
[  PASSED  ] 2 tests.
[  FAILED  ] 1 test, listed below:
[  FAILED  ] SpMMTest.validation

 1 FAILED TEST
[..1851/PA3/src/util.cu:74 (argParse)] dset = "collab" (std::string)
[..1851/PA3/src/data.cu:5 (load_graph)] loading
[..51/PA3/test/main.cpp:17 (main)] kLen = 256 (int)
[==========] Running 3 tests from 1 test suite.
[----------] Global test environment set-up.
[----------] 3 tests from SpMMTest
[ RUN      ] SpMMTest.validation
/home/course/hpc/users/2020011851/PA3/test/test_spmm.cu:43: Failure
Expected: (valid(p_out_feat_vec, p_out_feat_vec_ref, kNumV * kLen)) < (kNumV * kLen / 10000 + 1), actual: 60366238 vs 6039

[  FAILED  ] SpMMTest.validation (219 ms)
[ RUN      ] SpMMTest.cusparse_performance
[..A3/test/test_spmm.cu:52 (TestBody)] time = 0.00520106 (double)
[       OK ] SpMMTest.cusparse_performance (384 ms)
[ RUN      ] SpMMTest.opt_performance
[..A3/test/test_spmm.cu:61 (TestBody)] time = 0.00236955 (double)
[       OK ] SpMMTest.opt_performance (97 ms)
[----------] 3 tests from SpMMTest (701 ms total)

[----------] Global test environment tear-down
[==========] 3 tests from 1 test suite ran. (701 ms total)
[  PASSED  ] 2 tests.
[  FAILED  ] 1 test, listed below:
[  FAILED  ] SpMMTest.validation

 1 FAILED TEST
[..1851/PA3/src/util.cu:74 (argParse)] dset = "citation" (std::string)
[..1851/PA3/src/data.cu:5 (load_graph)] loading
[..51/PA3/test/main.cpp:17 (main)] kLen = 256 (int)
[==========] Running 3 tests from 1 test suite.
[----------] Global test environment set-up.
[----------] 3 tests from SpMMTest
[ RUN      ] SpMMTest.validation
/home/course/hpc/users/2020011851/PA3/test/test_spmm.cu:43: Failure
Expected: (valid(p_out_feat_vec, p_out_feat_vec_ref, kNumV * kLen)) < (kNumV * kLen / 10000 + 1), actual: 717027695 vs 74956

[  FAILED  ] SpMMTest.validation (2911 ms)
[ RUN      ] SpMMTest.cusparse_performance
[..A3/test/test_spmm.cu:52 (TestBody)] time = 0.0788233 (double)
[       OK ] SpMMTest.cusparse_performance (2843 ms)
[ RUN      ] SpMMTest.opt_performance
[..A3/test/test_spmm.cu:61 (TestBody)] time = 0.026913 (double)
[       OK ] SpMMTest.opt_performance (1070 ms)
[----------] 3 tests from SpMMTest (6825 ms total)

[----------] Global test environment tear-down
[==========] 3 tests from 1 test suite ran. (6825 ms total)
[  PASSED  ] 2 tests.
[  FAILED  ] 1 test, listed below:
[  FAILED  ] SpMMTest.validation

 1 FAILED TEST
[..1851/PA3/src/util.cu:74 (argParse)] dset = "ddi" (std::string)
[..1851/PA3/src/data.cu:5 (load_graph)] loading
[..51/PA3/test/main.cpp:17 (main)] kLen = 256 (int)
[==========] Running 3 tests from 1 test suite.
[----------] Global test environment set-up.
[----------] 3 tests from SpMMTest
[ RUN      ] SpMMTest.validation
/home/course/hpc/users/2020011851/PA3/test/test_spmm.cu:43: Failure
Expected: (valid(p_out_feat_vec, p_out_feat_vec_ref, kNumV * kLen)) < (kNumV * kLen / 10000 + 1), actual: 1092066 vs 110

[  FAILED  ] SpMMTest.validation (104 ms)
[ RUN      ] SpMMTest.cusparse_performance
[..A3/test/test_spmm.cu:52 (TestBody)] time = 0.00154507 (double)
[       OK ] SpMMTest.cusparse_performance (251 ms)
[ RUN      ] SpMMTest.opt_performance
[..A3/test/test_spmm.cu:61 (TestBody)] time = 0.00219197 (double)
[       OK ] SpMMTest.opt_performance (67 ms)
[----------] 3 tests from SpMMTest (423 ms total)

[----------] Global test environment tear-down
[==========] 3 tests from 1 test suite ran. (423 ms total)
[  PASSED  ] 2 tests.
[  FAILED  ] 1 test, listed below:
[  FAILED  ] SpMMTest.validation

 1 FAILED TEST
[..1851/PA3/src/util.cu:74 (argParse)] dset = "protein" (std::string)
[..1851/PA3/src/data.cu:5 (load_graph)] loading
[..51/PA3/test/main.cpp:17 (main)] kLen = 256 (int)
[==========] Running 3 tests from 1 test suite.
[----------] Global test environment set-up.
[----------] 3 tests from SpMMTest
[ RUN      ] SpMMTest.validation
/home/course/hpc/users/2020011851/PA3/test/test_spmm.cu:43: Failure
Expected: (valid(p_out_feat_vec, p_out_feat_vec_ref, kNumV * kLen)) < (kNumV * kLen / 10000 + 1), actual: 33919597 vs 3393

[  FAILED  ] SpMMTest.validation (7170 ms)
[ RUN      ] SpMMTest.cusparse_performance
[..A3/test/test_spmm.cu:52 (TestBody)] time = 0.0804364 (double)
[       OK ] SpMMTest.cusparse_performance (2640 ms)
[ RUN      ] SpMMTest.opt_performance
[..A3/test/test_spmm.cu:61 (TestBody)] time = 0.0512664 (double)
[       OK ] SpMMTest.opt_performance (1563 ms)
[----------] 3 tests from SpMMTest (11373 ms total)

[----------] Global test environment tear-down
[==========] 3 tests from 1 test suite ran. (11373 ms total)
[  PASSED  ] 2 tests.
[  FAILED  ] 1 test, listed below:
[  FAILED  ] SpMMTest.validation

 1 FAILED TEST
[..1851/PA3/src/util.cu:74 (argParse)] dset = "ppa" (std::string)
[..1851/PA3/src/data.cu:5 (load_graph)] loading
[..51/PA3/test/main.cpp:17 (main)] kLen = 256 (int)
[==========] Running 3 tests from 1 test suite.
[----------] Global test environment set-up.
[----------] 3 tests from SpMMTest
[ RUN      ] SpMMTest.validation
/home/course/hpc/users/2020011851/PA3/test/test_spmm.cu:43: Failure
Expected: (valid(p_out_feat_vec, p_out_feat_vec_ref, kNumV * kLen)) < (kNumV * kLen / 10000 + 1), actual: 147490457 vs 14753

[  FAILED  ] SpMMTest.validation (3793 ms)
[ RUN      ] SpMMTest.cusparse_performance
[..A3/test/test_spmm.cu:52 (TestBody)] time = 0.0849745 (double)
[       OK ] SpMMTest.cusparse_performance (2802 ms)
[ RUN      ] SpMMTest.opt_performance
[..A3/test/test_spmm.cu:61 (TestBody)] time = 0.0294049 (double)
[       OK ] SpMMTest.opt_performance (923 ms)
[----------] 3 tests from SpMMTest (7519 ms total)

[----------] Global test environment tear-down
[==========] 3 tests from 1 test suite ran. (7519 ms total)
[  PASSED  ] 2 tests.
[  FAILED  ] 1 test, listed below:
[  FAILED  ] SpMMTest.validation

 1 FAILED TEST
[..1851/PA3/src/util.cu:74 (argParse)] dset = "reddit.dgl" (std::string)
[..1851/PA3/src/data.cu:5 (load_graph)] loading
[..51/PA3/test/main.cpp:17 (main)] kLen = 256 (int)
[==========] Running 3 tests from 1 test suite.
[----------] Global test environment set-up.
[----------] 3 tests from SpMMTest
[ RUN      ] SpMMTest.validation
/home/course/hpc/users/2020011851/PA3/test/test_spmm.cu:43: Failure
Expected: (valid(p_out_feat_vec, p_out_feat_vec_ref, kNumV * kLen)) < (kNumV * kLen / 10000 + 1), actual: 59622917 vs 5964

[  FAILED  ] SpMMTest.validation (10213 ms)
[ RUN      ] SpMMTest.cusparse_performance
[..A3/test/test_spmm.cu:52 (TestBody)] time = 0.20215 (double)
[       OK ] SpMMTest.cusparse_performance (6302 ms)
[ RUN      ] SpMMTest.opt_performance
[..A3/test/test_spmm.cu:61 (TestBody)] time = 0.0771816 (double)
[       OK ] SpMMTest.opt_performance (2355 ms)
[----------] 3 tests from SpMMTest (18870 ms total)

[----------] Global test environment tear-down
[==========] 3 tests from 1 test suite ran. (18870 ms total)
[  PASSED  ] 2 tests.
[  FAILED  ] 1 test, listed below:
[  FAILED  ] SpMMTest.validation

 1 FAILED TEST
[..1851/PA3/src/util.cu:74 (argParse)] dset = "products" (std::string)
[..1851/PA3/src/data.cu:5 (load_graph)] loading
[..51/PA3/test/main.cpp:17 (main)] kLen = 256 (int)
[==========] Running 3 tests from 1 test suite.
[----------] Global test environment set-up.
[----------] 3 tests from SpMMTest
[ RUN      ] SpMMTest.validation
/home/course/hpc/users/2020011851/PA3/test/test_spmm.cu:43: Failure
Expected: (valid(p_out_feat_vec, p_out_feat_vec_ref, kNumV * kLen)) < (kNumV * kLen / 10000 + 1), actual: 614391455 vs 62696

[  FAILED  ] SpMMTest.validation (11190 ms)
[ RUN      ] SpMMTest.cusparse_performance
[..A3/test/test_spmm.cu:52 (TestBody)] time = 0.258372 (double)
[       OK ] SpMMTest.cusparse_performance (8114 ms)
[ RUN      ] SpMMTest.opt_performance
[..A3/test/test_spmm.cu:61 (TestBody)] time = 0.0845648 (double)
[       OK ] SpMMTest.opt_performance (2739 ms)
[----------] 3 tests from SpMMTest (22044 ms total)

[----------] Global test environment tear-down
[==========] 3 tests from 1 test suite ran. (22044 ms total)
[  PASSED  ] 2 tests.
[  FAILED  ] 1 test, listed below:
[  FAILED  ] SpMMTest.validation

 1 FAILED TEST
[..1851/PA3/src/util.cu:74 (argParse)] dset = "youtube" (std::string)
[..1851/PA3/src/data.cu:5 (load_graph)] loading
[..51/PA3/test/main.cpp:17 (main)] kLen = 256 (int)
[==========] Running 3 tests from 1 test suite.
[----------] Global test environment set-up.
[----------] 3 tests from SpMMTest
[ RUN      ] SpMMTest.validation
/home/course/hpc/users/2020011851/PA3/test/test_spmm.cu:43: Failure
Expected: (valid(p_out_feat_vec, p_out_feat_vec_ref, kNumV * kLen)) < (kNumV * kLen / 10000 + 1), actual: 291382029 vs 29146

[  FAILED  ] SpMMTest.validation (1239 ms)
[ RUN      ] SpMMTest.cusparse_performance
[..A3/test/test_spmm.cu:52 (TestBody)] time = 0.0144262 (double)
[       OK ] SpMMTest.cusparse_performance (699 ms)
[ RUN      ] SpMMTest.opt_performance
[..A3/test/test_spmm.cu:61 (TestBody)] time = 0.0141308 (double)
[       OK ] SpMMTest.opt_performance (475 ms)
[----------] 3 tests from SpMMTest (2415 ms total)

[----------] Global test environment tear-down
[==========] 3 tests from 1 test suite ran. (2415 ms total)
[  PASSED  ] 2 tests.
[  FAILED  ] 1 test, listed below:
[  FAILED  ] SpMMTest.validation

 1 FAILED TEST
[..1851/PA3/src/util.cu:74 (argParse)] dset = "amazon_cogdl" (std::string)
[..1851/PA3/src/data.cu:5 (load_graph)] loading
[..51/PA3/test/main.cpp:17 (main)] kLen = 256 (int)
[==========] Running 3 tests from 1 test suite.
[----------] Global test environment set-up.
[----------] 3 tests from SpMMTest
[ RUN      ] SpMMTest.validation
/home/course/hpc/users/2020011851/PA3/test/test_spmm.cu:43: Failure
Expected: (valid(p_out_feat_vec, p_out_feat_vec_ref, kNumV * kLen)) < (kNumV * kLen / 10000 + 1), actual: 401805030 vs 40191

[  FAILED  ] SpMMTest.validation (22104 ms)
[ RUN      ] SpMMTest.cusparse_performance
[..A3/test/test_spmm.cu:52 (TestBody)] time = 0.515574 (double)
[       OK ] SpMMTest.cusparse_performance (15775 ms)
[ RUN      ] SpMMTest.opt_performance
[..A3/test/test_spmm.cu:61 (TestBody)] time = 0.186371 (double)
[       OK ] SpMMTest.opt_performance (5663 ms)
[----------] 3 tests from SpMMTest (43544 ms total)

[----------] Global test environment tear-down
[==========] 3 tests from 1 test suite ran. (43544 ms total)
[  PASSED  ] 2 tests.
[  FAILED  ] 1 test, listed below:
[  FAILED  ] SpMMTest.validation

 1 FAILED TEST
[..1851/PA3/src/util.cu:74 (argParse)] dset = "yelp" (std::string)
[..1851/PA3/src/data.cu:5 (load_graph)] loading
[..51/PA3/test/main.cpp:17 (main)] kLen = 256 (int)
[==========] Running 3 tests from 1 test suite.
[----------] Global test environment set-up.
[----------] 3 tests from SpMMTest
[ RUN      ] SpMMTest.validation
/home/course/hpc/users/2020011851/PA3/test/test_spmm.cu:43: Failure
Expected: (valid(p_out_feat_vec, p_out_feat_vec_ref, kNumV * kLen)) < (kNumV * kLen / 10000 + 1), actual: 183464396 vs 18352

[  FAILED  ] SpMMTest.validation (1316 ms)
[ RUN      ] SpMMTest.cusparse_performance
[..A3/test/test_spmm.cu:52 (TestBody)] time = 0.0299812 (double)
[       OK ] SpMMTest.cusparse_performance (1145 ms)
[ RUN      ] SpMMTest.opt_performance
[..A3/test/test_spmm.cu:61 (TestBody)] time = 0.0124517 (double)
[       OK ] SpMMTest.opt_performance (416 ms)
[----------] 3 tests from SpMMTest (2878 ms total)

[----------] Global test environment tear-down
[==========] 3 tests from 1 test suite ran. (2878 ms total)
[  PASSED  ] 2 tests.
[  FAILED  ] 1 test, listed below:
[  FAILED  ] SpMMTest.validation

 1 FAILED TEST
[..1851/PA3/src/util.cu:74 (argParse)] dset = "wikikg2" (std::string)
[..1851/PA3/src/data.cu:5 (load_graph)] loading
[..51/PA3/test/main.cpp:17 (main)] kLen = 256 (int)
[==========] Running 3 tests from 1 test suite.
[----------] Global test environment set-up.
[----------] 3 tests from SpMMTest
[ RUN      ] SpMMTest.validation
/home/course/hpc/users/2020011851/PA3/test/test_spmm.cu:43: Failure
Expected: (valid(p_out_feat_vec, p_out_feat_vec_ref, kNumV * kLen)) < (kNumV * kLen / 10000 + 1), actual: 638613008 vs 64016

[  FAILED  ] SpMMTest.validation (569 ms)
[ RUN      ] SpMMTest.cusparse_performance
[..A3/test/test_spmm.cu:52 (TestBody)] time = 0.0166577 (double)
[       OK ] SpMMTest.cusparse_performance (848 ms)
[ RUN      ] SpMMTest.opt_performance
[..A3/test/test_spmm.cu:61 (TestBody)] time = 0.0155398 (double)
[       OK ] SpMMTest.opt_performance (672 ms)
[----------] 3 tests from SpMMTest (2090 ms total)

[----------] Global test environment tear-down
[==========] 3 tests from 1 test suite ran. (2090 ms total)
[  PASSED  ] 2 tests.
[  FAILED  ] 1 test, listed below:
[  FAILED  ] SpMMTest.validation

 1 FAILED TEST
[..1851/PA3/src/util.cu:74 (argParse)] dset = "am" (std::string)
[..1851/PA3/src/data.cu:5 (load_graph)] loading
[..51/PA3/test/main.cpp:17 (main)] kLen = 256 (int)
[==========] Running 3 tests from 1 test suite.
[----------] Global test environment set-up.
[----------] 3 tests from SpMMTest
[ RUN      ] SpMMTest.validation
/home/course/hpc/users/2020011851/PA3/test/test_spmm.cu:43: Failure
Expected: (valid(p_out_feat_vec, p_out_feat_vec_ref, kNumV * kLen)) < (kNumV * kLen / 10000 + 1), actual: 225651577 vs 22572

[  FAILED  ] SpMMTest.validation (4985 ms)
[ RUN      ] SpMMTest.cusparse_performance
[..A3/test/test_spmm.cu:52 (TestBody)] time = 0.013412 (double)
[       OK ] SpMMTest.cusparse_performance (654 ms)
[ RUN      ] SpMMTest.opt_performance
[..A3/test/test_spmm.cu:61 (TestBody)] time = 0.0669098 (double)
[       OK ] SpMMTest.opt_performance (2052 ms)
[----------] 3 tests from SpMMTest (7692 ms total)

[----------] Global test environment tear-down
[==========] 3 tests from 1 test suite ran. (7692 ms total)
[  PASSED  ] 2 tests.
[  FAILED  ] 1 test, listed below:
[  FAILED  ] SpMMTest.validation

 1 FAILED TEST
