[..1851/PA3/src/util.cu:74 (argParse)] dset = "arxiv" (std::string)
[..1851/PA3/src/data.cu:5 (load_graph)] loading
[..51/PA3/test/main.cpp:17 (main)] kLen = 256 (int)
[==========] Running 3 tests from 1 test suite.
[----------] Global test environment set-up.
[----------] 3 tests from SpMMTest
[ RUN      ] SpMMTest.validation
/home/course/hpc/users/2020011851/PA3/test/test_spmm.cu:43: Failure
Expected: (valid(p_out_feat_vec, p_out_feat_vec_ref, kNumV * kLen)) < (kNumV * kLen / 10000 + 1), actual: 27404128 vs 4336

[  FAILED  ] SpMMTest.validation (405 ms)
[ RUN      ] SpMMTest.cusparse_performance
[..A3/test/test_spmm.cu:52 (TestBody)] time = 0.00299155 (double)
[       OK ] SpMMTest.cusparse_performance (313 ms)
[ RUN      ] SpMMTest.opt_performance
[..A3/test/test_spmm.cu:61 (TestBody)] time = 0.00152434 (double)
[       OK ] SpMMTest.opt_performance (65 ms)
[----------] 3 tests from SpMMTest (784 ms total)

[----------] Global test environment tear-down
[==========] 3 tests from 1 test suite ran. (784 ms total)
[  PASSED  ] 2 tests.
[  FAILED  ] 1 test, listed below:
[  FAILED  ] SpMMTest.validation

 1 FAILED TEST
[..1851/PA3/src/util.cu:74 (argParse)] dset = "collab" (std::string)
[..1851/PA3/src/data.cu:5 (load_graph)] loading
[..51/PA3/test/main.cpp:17 (main)] kLen = 256 (int)
[==========] Running 3 tests from 1 test suite.
[----------] Global test environment set-up.
[----------] 3 tests from SpMMTest
[ RUN      ] SpMMTest.validation
/home/course/hpc/users/2020011851/PA3/test/test_spmm.cu:43: Failure
Expected: (valid(p_out_feat_vec, p_out_feat_vec_ref, kNumV * kLen)) < (kNumV * kLen / 10000 + 1), actual: 60227758 vs 6039

[  FAILED  ] SpMMTest.validation (221 ms)
[ RUN      ] SpMMTest.cusparse_performance
