[..1851/PA3/src/util.cu:74 (argParse)] dset = "arxiv" (std::string)
[..1851/PA3/src/data.cu:5 (load_graph)] loading
[..51/PA3/test/main.cpp:17 (main)] kLen = 32 (int)
[==========] Running 3 tests from 1 test suite.
[----------] Global test environment set-up.
[----------] 3 tests from SpMMTest
[ RUN      ] SpMMTest.validation
/home/course/hpc/users/2020011851/PA3/test/test_spmm.cu:43: Failure
Expected: (valid(p_out_feat_vec, p_out_feat_vec_ref, kNumV * kLen)) < (kNumV * kLen / 10000 + 1), actual: 3434784 vs 542

[  FAILED  ] SpMMTest.validation (51 ms)
[ RUN      ] SpMMTest.cusparse_performance
[..A3/test/test_spmm.cu:52 (TestBody)] time = 0.000732308 (double)
[       OK ] SpMMTest.cusparse_performance (237 ms)
[ RUN      ] SpMMTest.opt_performance
[..A3/test/test_spmm.cu:61 (TestBody)] time = 0.000339862 (double)
[       OK ] SpMMTest.opt_performance (13 ms)
[----------] 3 tests from SpMMTest (302 ms total)

[----------] Global test environment tear-down
[==========] 3 tests from 1 test suite ran. (302 ms total)
[  PASSED  ] 2 tests.
[  FAILED  ] 1 test, listed below:
[  FAILED  ] SpMMTest.validation

 1 FAILED TEST
[..1851/PA3/src/util.cu:74 (argParse)] dset = "collab" (std::string)
[..1851/PA3/src/data.cu:5 (load_graph)] loading
[..51/PA3/test/main.cpp:17 (main)] kLen = 32 (int)
[==========] Running 3 tests from 1 test suite.
[----------] Global test environment set-up.
[----------] 3 tests from SpMMTest
[ RUN      ] SpMMTest.validation
/home/course/hpc/users/2020011851/PA3/test/test_spmm.cu:43: Failure
Expected: (valid(p_out_feat_vec, p_out_feat_vec_ref, kNumV * kLen)) < (kNumV * kLen / 10000 + 1), actual: 7547776 vs 755

[  FAILED  ] SpMMTest.validation (29 ms)
[ RUN      ] SpMMTest.cusparse_performance
[..A3/test/test_spmm.cu:52 (TestBody)] time = 0.00127111 (double)
[       OK ] SpMMTest.cusparse_performance (251 ms)
[ RUN      ] SpMMTest.opt_performance
[..A3/test/test_spmm.cu:61 (TestBody)] time = 0.000408372 (double)
[       OK ] SpMMTest.opt_performance (16 ms)
[----------] 3 tests from SpMMTest (297 ms total)

[----------] Global test environment tear-down
[==========] 3 tests from 1 test suite ran. (297 ms total)
[  PASSED  ] 2 tests.
[  FAILED  ] 1 test, listed below:
[  FAILED  ] SpMMTest.validation

 1 FAILED TEST
[..1851/PA3/src/util.cu:74 (argParse)] dset = "citation" (std::string)
[..1851/PA3/src/data.cu:5 (load_graph)] loading
[..51/PA3/test/main.cpp:17 (main)] kLen = 32 (int)
[==========] Running 3 tests from 1 test suite.
[----------] Global test environment set-up.
[----------] 3 tests from SpMMTest
[ RUN      ] SpMMTest.validation
/home/course/hpc/users/2020011851/PA3/test/test_spmm.cu:43: Failure
Expected: (valid(p_out_feat_vec, p_out_feat_vec_ref, kNumV * kLen)) < (kNumV * kLen / 10000 + 1), actual: 89652118 vs 9370

[  FAILED  ] SpMMTest.validation (358 ms)
[ RUN      ] SpMMTest.cusparse_performance
[..A3/test/test_spmm.cu:52 (TestBody)] time = 0.0164464 (double)
[       OK ] SpMMTest.cusparse_performance (729 ms)
[ RUN      ] SpMMTest.opt_performance
[..A3/test/test_spmm.cu:61 (TestBody)] time = 0.00496236 (double)
[       OK ] SpMMTest.opt_performance (184 ms)
[----------] 3 tests from SpMMTest (1272 ms total)

[----------] Global test environment tear-down
[==========] 3 tests from 1 test suite ran. (1272 ms total)
[  PASSED  ] 2 tests.
[  FAILED  ] 1 test, listed below:
[  FAILED  ] SpMMTest.validation

 1 FAILED TEST
[..1851/PA3/src/util.cu:74 (argParse)] dset = "ddi" (std::string)
[..1851/PA3/src/data.cu:5 (load_graph)] loading
[..51/PA3/test/main.cpp:17 (main)] kLen = 32 (int)
[==========] Running 3 tests from 1 test suite.
[----------] Global test environment set-up.
[----------] 3 tests from SpMMTest
[ RUN      ] SpMMTest.validation
/home/course/hpc/users/2020011851/PA3/test/test_spmm.cu:43: Failure
Expected: (valid(p_out_feat_vec, p_out_feat_vec_ref, kNumV * kLen)) < (kNumV * kLen / 10000 + 1), actual: 136544 vs 14

[  FAILED  ] SpMMTest.validation (16 ms)
[ RUN      ] SpMMTest.cusparse_performance
[..A3/test/test_spmm.cu:52 (TestBody)] time = 0.000640224 (double)
[       OK ] SpMMTest.cusparse_performance (227 ms)
[ RUN      ] SpMMTest.opt_performance
[..A3/test/test_spmm.cu:61 (TestBody)] time = 6.62596e-05 (double)
[       OK ] SpMMTest.opt_performance (2 ms)
[----------] 3 tests from SpMMTest (245 ms total)

[----------] Global test environment tear-down
[==========] 3 tests from 1 test suite ran. (245 ms total)
[  PASSED  ] 2 tests.
[  FAILED  ] 1 test, listed below:
[  FAILED  ] SpMMTest.validation

 1 FAILED TEST
[..1851/PA3/src/util.cu:74 (argParse)] dset = "protein" (std::string)
[..1851/PA3/src/data.cu:5 (load_graph)] loading
[..51/PA3/test/main.cpp:17 (main)] kLen = 32 (int)
[==========] Running 3 tests from 1 test suite.
[----------] Global test environment set-up.
[----------] 3 tests from SpMMTest
[ RUN      ] SpMMTest.validation
/home/course/hpc/users/2020011851/PA3/test/test_spmm.cu:43: Failure
Expected: (valid(p_out_feat_vec, p_out_feat_vec_ref, kNumV * kLen)) < (kNumV * kLen / 10000 + 1), actual: 4241088 vs 425

[  FAILED  ] SpMMTest.validation (779 ms)
[ RUN      ] SpMMTest.cusparse_performance
[..A3/test/test_spmm.cu:52 (TestBody)] time = 0.0246338 (double)
[       OK ] SpMMTest.cusparse_performance (955 ms)
[ RUN      ] SpMMTest.opt_performance
[..A3/test/test_spmm.cu:61 (TestBody)] time = 0.00149139 (double)
[       OK ] SpMMTest.opt_performance (59 ms)
[----------] 3 tests from SpMMTest (1794 ms total)

[----------] Global test environment tear-down
[==========] 3 tests from 1 test suite ran. (1794 ms total)
[  PASSED  ] 2 tests.
[  FAILED  ] 1 test, listed below:
[  FAILED  ] SpMMTest.validation

 1 FAILED TEST
[..1851/PA3/src/util.cu:74 (argParse)] dset = "ppa" (std::string)
[..1851/PA3/src/data.cu:5 (load_graph)] loading
[..51/PA3/test/main.cpp:17 (main)] kLen = 32 (int)
[==========] Running 3 tests from 1 test suite.
[----------] Global test environment set-up.
[----------] 3 tests from SpMMTest
[ RUN      ] SpMMTest.validation
/home/course/hpc/users/2020011851/PA3/test/test_spmm.cu:43: Failure
Expected: (valid(p_out_feat_vec, p_out_feat_vec_ref, kNumV * kLen)) < (kNumV * kLen / 10000 + 1), actual: 18441248 vs 1845

[  FAILED  ] SpMMTest.validation (461 ms)
[ RUN      ] SpMMTest.cusparse_performance
[..A3/test/test_spmm.cu:52 (TestBody)] time = 0.0183807 (double)
[       OK ] SpMMTest.cusparse_performance (767 ms)
[ RUN      ] SpMMTest.opt_performance
[..A3/test/test_spmm.cu:61 (TestBody)] time = 0.00105051 (double)
[       OK ] SpMMTest.opt_performance (47 ms)
[----------] 3 tests from SpMMTest (1276 ms total)

[----------] Global test environment tear-down
[==========] 3 tests from 1 test suite ran. (1276 ms total)
[  PASSED  ] 2 tests.
[  FAILED  ] 1 test, listed below:
[  FAILED  ] SpMMTest.validation

 1 FAILED TEST
[..1851/PA3/src/util.cu:74 (argParse)] dset = "reddit.dgl" (std::string)
[..1851/PA3/src/data.cu:5 (load_graph)] loading
[..51/PA3/test/main.cpp:17 (main)] kLen = 32 (int)
[==========] Running 3 tests from 1 test suite.
[----------] Global test environment set-up.
[----------] 3 tests from SpMMTest
[ RUN      ] SpMMTest.validation
/home/course/hpc/users/2020011851/PA3/test/test_spmm.cu:43: Failure
Expected: (valid(p_out_feat_vec, p_out_feat_vec_ref, kNumV * kLen)) < (kNumV * kLen / 10000 + 1), actual: 7454880 vs 746

[  FAILED  ] SpMMTest.validation (1117 ms)
[ RUN      ] SpMMTest.cusparse_performance
[..A3/test/test_spmm.cu:52 (TestBody)] time = 0.0486486 (double)
[       OK ] SpMMTest.cusparse_performance (1678 ms)
[ RUN      ] SpMMTest.opt_performance
[..A3/test/test_spmm.cu:61 (TestBody)] time = 0.00234855 (double)
[       OK ] SpMMTest.opt_performance (92 ms)
[----------] 3 tests from SpMMTest (2888 ms total)

[----------] Global test environment tear-down
[==========] 3 tests from 1 test suite ran. (2888 ms total)
[  PASSED  ] 2 tests.
[  FAILED  ] 1 test, listed below:
[  FAILED  ] SpMMTest.validation

 1 FAILED TEST
[..1851/PA3/src/util.cu:74 (argParse)] dset = "products" (std::string)
[..1851/PA3/src/data.cu:5 (load_graph)] loading
[..51/PA3/test/main.cpp:17 (main)] kLen = 32 (int)
[==========] Running 3 tests from 1 test suite.
[----------] Global test environment set-up.
[----------] 3 tests from SpMMTest
[ RUN      ] SpMMTest.validation
/home/course/hpc/users/2020011851/PA3/test/test_spmm.cu:43: Failure
Expected: (valid(p_out_feat_vec, p_out_feat_vec_ref, kNumV * kLen)) < (kNumV * kLen / 10000 + 1), actual: 76819456 vs 7837

[  FAILED  ] SpMMTest.validation (1369 ms)
[ RUN      ] SpMMTest.cusparse_performance
[..A3/test/test_spmm.cu:52 (TestBody)] time = 0.0558167 (double)
[       OK ] SpMMTest.cusparse_performance (1917 ms)
[ RUN      ] SpMMTest.opt_performance
[..A3/test/test_spmm.cu:61 (TestBody)] time = 0.00448197 (double)
[       OK ] SpMMTest.opt_performance (176 ms)
[----------] 3 tests from SpMMTest (3463 ms total)

[----------] Global test environment tear-down
[==========] 3 tests from 1 test suite ran. (3463 ms total)
[  PASSED  ] 2 tests.
[  FAILED  ] 1 test, listed below:
[  FAILED  ] SpMMTest.validation

 1 FAILED TEST
[..1851/PA3/src/util.cu:74 (argParse)] dset = "youtube" (std::string)
[..1851/PA3/src/data.cu:5 (load_graph)] loading
[..51/PA3/test/main.cpp:17 (main)] kLen = 32 (int)
[==========] Running 3 tests from 1 test suite.
[----------] Global test environment set-up.
[----------] 3 tests from SpMMTest
[ RUN      ] SpMMTest.validation
/home/course/hpc/users/2020011851/PA3/test/test_spmm.cu:43: Failure
Expected: (valid(p_out_feat_vec, p_out_feat_vec_ref, kNumV * kLen)) < (kNumV * kLen / 10000 + 1), actual: 36431881 vs 3644

[  FAILED  ] SpMMTest.validation (155 ms)
[ RUN      ] SpMMTest.cusparse_performance
[..A3/test/test_spmm.cu:52 (TestBody)] time = 0.00364403 (double)
[       OK ] SpMMTest.cusparse_performance (328 ms)
[ RUN      ] SpMMTest.opt_performance
[..A3/test/test_spmm.cu:61 (TestBody)] time = 0.00194619 (double)
[       OK ] SpMMTest.opt_performance (79 ms)
[----------] 3 tests from SpMMTest (563 ms total)

[----------] Global test environment tear-down
[==========] 3 tests from 1 test suite ran. (563 ms total)
[  PASSED  ] 2 tests.
[  FAILED  ] 1 test, listed below:
[  FAILED  ] SpMMTest.validation

 1 FAILED TEST
[..1851/PA3/src/util.cu:74 (argParse)] dset = "amazon_cogdl" (std::string)
[..1851/PA3/src/data.cu:5 (load_graph)] loading
[..51/PA3/test/main.cpp:17 (main)] kLen = 32 (int)
[==========] Running 3 tests from 1 test suite.
[----------] Global test environment set-up.
[----------] 3 tests from SpMMTest
[ RUN      ] SpMMTest.validation
/home/course/hpc/users/2020011851/PA3/test/test_spmm.cu:43: Failure
Expected: (valid(p_out_feat_vec, p_out_feat_vec_ref, kNumV * kLen)) < (kNumV * kLen / 10000 + 1), actual: 50238718 vs 5024

[  FAILED  ] SpMMTest.validation (2477 ms)
[ RUN      ] SpMMTest.cusparse_performance
[..A3/test/test_spmm.cu:52 (TestBody)] time = 0.125355 (double)
[       OK ] SpMMTest.cusparse_performance (4003 ms)
[ RUN      ] SpMMTest.opt_performance
[..A3/test/test_spmm.cu:61 (TestBody)] time = 0.0062116 (double)
[       OK ] SpMMTest.opt_performance (230 ms)
[----------] 3 tests from SpMMTest (6711 ms total)

[----------] Global test environment tear-down
[==========] 3 tests from 1 test suite ran. (6711 ms total)
[  PASSED  ] 2 tests.
[  FAILED  ] 1 test, listed below:
[  FAILED  ] SpMMTest.validation

 1 FAILED TEST
[..1851/PA3/src/util.cu:74 (argParse)] dset = "yelp" (std::string)
[..1851/PA3/src/data.cu:5 (load_graph)] loading
[..51/PA3/test/main.cpp:17 (main)] kLen = 32 (int)
[==========] Running 3 tests from 1 test suite.
[----------] Global test environment set-up.
[----------] 3 tests from SpMMTest
[ RUN      ] SpMMTest.validation
/home/course/hpc/users/2020011851/PA3/test/test_spmm.cu:43: Failure
Expected: (valid(p_out_feat_vec, p_out_feat_vec_ref, kNumV * kLen)) < (kNumV * kLen / 10000 + 1), actual: 22939104 vs 2294

[  FAILED  ] SpMMTest.validation (154 ms)
[ RUN      ] SpMMTest.cusparse_performance
[..A3/test/test_spmm.cu:52 (TestBody)] time = 0.00657318 (double)
[       OK ] SpMMTest.cusparse_performance (420 ms)
[ RUN      ] SpMMTest.opt_performance
[..A3/test/test_spmm.cu:61 (TestBody)] time = 0.00127314 (double)
[       OK ] SpMMTest.opt_performance (52 ms)
[----------] 3 tests from SpMMTest (627 ms total)

[----------] Global test environment tear-down
[==========] 3 tests from 1 test suite ran. (627 ms total)
[  PASSED  ] 2 tests.
[  FAILED  ] 1 test, listed below:
[  FAILED  ] SpMMTest.validation

 1 FAILED TEST
[..1851/PA3/src/util.cu:74 (argParse)] dset = "wikikg2" (std::string)
[..1851/PA3/src/data.cu:5 (load_graph)] loading
[..51/PA3/test/main.cpp:17 (main)] kLen = 32 (int)
[==========] Running 3 tests from 1 test suite.
[----------] Global test environment set-up.
[----------] 3 tests from SpMMTest
[ RUN      ] SpMMTest.validation
/home/course/hpc/users/2020011851/PA3/test/test_spmm.cu:43: Failure
Expected: (valid(p_out_feat_vec, p_out_feat_vec_ref, kNumV * kLen)) < (kNumV * kLen / 10000 + 1), actual: 79846528 vs 8002

[  FAILED  ] SpMMTest.validation (68 ms)
[ RUN      ] SpMMTest.cusparse_performance
[..A3/test/test_spmm.cu:52 (TestBody)] time = 0.0071474 (double)
[       OK ] SpMMTest.cusparse_performance (453 ms)
[ RUN      ] SpMMTest.opt_performance
[..A3/test/test_spmm.cu:61 (TestBody)] time = 0.00425004 (double)
[       OK ] SpMMTest.opt_performance (163 ms)
[----------] 3 tests from SpMMTest (685 ms total)

[----------] Global test environment tear-down
[==========] 3 tests from 1 test suite ran. (685 ms total)
[  PASSED  ] 2 tests.
[  FAILED  ] 1 test, listed below:
[  FAILED  ] SpMMTest.validation

 1 FAILED TEST
[..1851/PA3/src/util.cu:74 (argParse)] dset = "am" (std::string)
[..1851/PA3/src/data.cu:5 (load_graph)] loading
[..51/PA3/test/main.cpp:17 (main)] kLen = 32 (int)
[==========] Running 3 tests from 1 test suite.
[----------] Global test environment set-up.
[----------] 3 tests from SpMMTest
[ RUN      ] SpMMTest.validation
/home/course/hpc/users/2020011851/PA3/test/test_spmm.cu:43: Failure
Expected: (valid(p_out_feat_vec, p_out_feat_vec_ref, kNumV * kLen)) < (kNumV * kLen / 10000 + 1), actual: 28213760 vs 2822

[  FAILED  ] SpMMTest.validation (604 ms)
[ RUN      ] SpMMTest.cusparse_performance
[..A3/test/test_spmm.cu:52 (TestBody)] time = 0.00374187 (double)
[       OK ] SpMMTest.cusparse_performance (332 ms)
[ RUN      ] SpMMTest.opt_performance
[..A3/test/test_spmm.cu:61 (TestBody)] time = 0.00262767 (double)
[       OK ] SpMMTest.opt_performance (93 ms)
[----------] 3 tests from SpMMTest (1030 ms total)

[----------] Global test environment tear-down
[==========] 3 tests from 1 test suite ran. (1030 ms total)
[  PASSED  ] 2 tests.
[  FAILED  ] 1 test, listed below:
[  FAILED  ] SpMMTest.validation

 1 FAILED TEST
